Starting motif classification with null model generation...
Loading graph from graph_edges.csv...
Loaded 5173781 edges and 5217599 nodes.
Computing real motif counts...
Real motif counts: 
 2237460052 963993842 264809680 146923656 65320694 21237184 361698 656716 71715 167699 253083 43809 295084Running null model iteration 1...
Running null model iteration 2...
Running null model iteration 3...
Running null model iteration 4...
Running null model iteration 5...
Running null model iteration 6...
Running null model iteration 7...
Running null model iteration 8...
Running null model iteration 9...
Running null model iteration 10...
Running null model iteration 11...
Running null model iteration 12...
Running null model iteration 13...
Running null model iteration 14...
Running null model iteration 15...
Running null model iteration 16...
Running null model iteration 17...
Running null model iteration 18...
Running null model iteration 19...
Running null model iteration 20...
Running null model iteration 21...
Running null model iteration 22...
Running null model iteration 23...
Running null model iteration 24...
Running null model iteration 25...
Running null model iteration 26...
Running null model iteration 27...
Running null model iteration 28...
Running null model iteration 29...
Running null model iteration 30...
Running null model iteration 31...
Running null model iteration 32...
Running null model iteration 33...
Running null model iteration 34...
Running null model iteration 35...
Running null model iteration 36...
Running null model iteration 37...
Running null model iteration 38...
Running null model iteration 39...
Running null model iteration 40...
Running null model iteration 41...
Running null model iteration 42...
Running null model iteration 43...
Running null model iteration 44...
Running null model iteration 45...
Running null model iteration 46...
Running null model iteration 47...
Running null model iteration 48...
Running null model iteration 49...
Running null model iteration 50...
Running null model iteration 51...
Running null model iteration 52...
Running null model iteration 53...
Running null model iteration 54...
Running null model iteration 55...
Running null model iteration 56...
Running null model iteration 57...
Running null model iteration 58...
Running null model iteration 59...
Running null model iteration 60...
Running null model iteration 61...
Running null model iteration 62...
Running null model iteration 63...
Running null model iteration 64...
Running null model iteration 65...
Running null model iteration 66...
Running null model iteration 67...
Running null model iteration 68...
Running null model iteration 69...
Running null model iteration 70...
Running null model iteration 71...
Running null model iteration 72...
Running null model iteration 73...
Running null model iteration 74...
Running null model iteration 75...
Running null model iteration 76...
Running null model iteration 77...
Running null model iteration 78...
Running null model iteration 79...
Running null model iteration 80...
Running null model iteration 81...
Running null model iteration 82...
Running null model iteration 83...
Running null model iteration 84...
Running null model iteration 85...
Running null model iteration 86...
Running null model iteration 87...
Running null model iteration 88...
Running null model iteration 89...
Running null model iteration 90...
Running null model iteration 91...
Running null model iteration 92...
Running null model iteration 93...
Running null model iteration 94...
Running null model iteration 95...
Running null model iteration 96...
Running null model iteration 97...
Running null model iteration 98...
Running null model iteration 99...
Running null model iteration 100...
Computing Z-scores...
Null model means: 
 2236682703.740000 961877371.840000 268313128.440000 145752437.340000 65865514.300000 21253952.340000 360443.180000 657315.610000 71707.460000 167106.930000 255287.370000 44042.560000 292646.070000
Null model standard deviations: 
 288765.304610 192367.538665 165046.145271 81119.744235 51939.840539 17945.408338 35.219479 59.836629 44.842129 45.620139 54.258389 33.314637 49.133143Z-score results saved to output_zscores.txt
